::1 - - [Thu, 28 May 2015 15:09:21 GMT] "GET / HTTP/1.1" 304 - "-" "Mozilla/5.0 (Macintosh; Intel Mac OS X 10_10_1) AppleWebKit/537.36 (KHTML, like Gecko) Chrome/41.0.2272.89 Safari/537.36"
::1 - - [Thu, 28 May 2015 15:09:21 GMT] "GET /stylesheets/bootstrap.min.css HTTP/1.1" 304 - "http://localhost:3000/" "Mozilla/5.0 (Macintosh; Intel Mac OS X 10_10_1) AppleWebKit/537.36 (KHTML, like Gecko) Chrome/41.0.2272.89 Safari/537.36"
::1 - - [Thu, 28 May 2015 15:09:21 GMT] "GET /stylesheets/style.css HTTP/1.1" 304 - "http://localhost:3000/" "Mozilla/5.0 (Macintosh; Intel Mac OS X 10_10_1) AppleWebKit/537.36 (KHTML, like Gecko) Chrome/41.0.2272.89 Safari/537.36"
::1 - - [Thu, 28 May 2015 15:09:21 GMT] "GET /javascripts/jquery-2.1.4.min.js HTTP/1.1" 304 - "http://localhost:3000/" "Mozilla/5.0 (Macintosh; Intel Mac OS X 10_10_1) AppleWebKit/537.36 (KHTML, like Gecko) Chrome/41.0.2272.89 Safari/537.36"
::1 - - [Thu, 28 May 2015 15:09:21 GMT] "GET /javascripts/bootstrap.min.js HTTP/1.1" 304 - "http://localhost:3000/" "Mozilla/5.0 (Macintosh; Intel Mac OS X 10_10_1) AppleWebKit/537.36 (KHTML, like Gecko) Chrome/41.0.2272.89 Safari/537.36"
::1 - - [Thu, 28 May 2015 15:09:21 GMT] "GET /fonts/glyphicons-halflings-regular.woff2 HTTP/1.1" 304 - "http://localhost:3000/stylesheets/bootstrap.min.css" "Mozilla/5.0 (Macintosh; Intel Mac OS X 10_10_1) AppleWebKit/537.36 (KHTML, like Gecko) Chrome/41.0.2272.89 Safari/537.36"
::1 - - [Thu, 28 May 2015 15:10:27 GMT] "GET /u/s1 HTTP/1.1" 304 - "http://localhost:3000/" "Mozilla/5.0 (Macintosh; Intel Mac OS X 10_10_1) AppleWebKit/537.36 (KHTML, like Gecko) Chrome/41.0.2272.89 Safari/537.36"
::1 - - [Thu, 28 May 2015 15:10:27 GMT] "GET /stylesheets/bootstrap.min.css HTTP/1.1" 304 - "http://localhost:3000/u/s1" "Mozilla/5.0 (Macintosh; Intel Mac OS X 10_10_1) AppleWebKit/537.36 (KHTML, like Gecko) Chrome/41.0.2272.89 Safari/537.36"
::1 - - [Thu, 28 May 2015 15:10:27 GMT] "GET /stylesheets/style.css HTTP/1.1" 304 - "http://localhost:3000/u/s1" "Mozilla/5.0 (Macintosh; Intel Mac OS X 10_10_1) AppleWebKit/537.36 (KHTML, like Gecko) Chrome/41.0.2272.89 Safari/537.36"
::1 - - [Thu, 28 May 2015 15:10:27 GMT] "GET /javascripts/jquery-2.1.4.min.js HTTP/1.1" 304 - "http://localhost:3000/u/s1" "Mozilla/5.0 (Macintosh; Intel Mac OS X 10_10_1) AppleWebKit/537.36 (KHTML, like Gecko) Chrome/41.0.2272.89 Safari/537.36"
::1 - - [Thu, 28 May 2015 15:10:27 GMT] "GET /javascripts/bootstrap.min.js HTTP/1.1" 304 - "http://localhost:3000/u/s1" "Mozilla/5.0 (Macintosh; Intel Mac OS X 10_10_1) AppleWebKit/537.36 (KHTML, like Gecko) Chrome/41.0.2272.89 Safari/537.36"
::1 - - [Thu, 28 May 2015 15:10:27 GMT] "GET /fonts/glyphicons-halflings-regular.woff2 HTTP/1.1" 304 - "http://localhost:3000/u/s1" "Mozilla/5.0 (Macintosh; Intel Mac OS X 10_10_1) AppleWebKit/537.36 (KHTML, like Gecko) Chrome/41.0.2272.89 Safari/537.36"
::1 - - [Thu, 28 May 2015 15:10:28 GMT] "GET /u/s1 HTTP/1.1" 304 - "http://localhost:3000/u/s1" "Mozilla/5.0 (Macintosh; Intel Mac OS X 10_10_1) AppleWebKit/537.36 (KHTML, like Gecko) Chrome/41.0.2272.89 Safari/537.36"
::1 - - [Thu, 28 May 2015 15:10:28 GMT] "GET /stylesheets/bootstrap.min.css HTTP/1.1" 304 - "http://localhost:3000/u/s1" "Mozilla/5.0 (Macintosh; Intel Mac OS X 10_10_1) AppleWebKit/537.36 (KHTML, like Gecko) Chrome/41.0.2272.89 Safari/537.36"
::1 - - [Thu, 28 May 2015 15:10:28 GMT] "GET /stylesheets/style.css HTTP/1.1" 304 - "http://localhost:3000/u/s1" "Mozilla/5.0 (Macintosh; Intel Mac OS X 10_10_1) AppleWebKit/537.36 (KHTML, like Gecko) Chrome/41.0.2272.89 Safari/537.36"
::1 - - [Thu, 28 May 2015 15:10:28 GMT] "GET /javascripts/jquery-2.1.4.min.js HTTP/1.1" 304 - "http://localhost:3000/u/s1" "Mozilla/5.0 (Macintosh; Intel Mac OS X 10_10_1) AppleWebKit/537.36 (KHTML, like Gecko) Chrome/41.0.2272.89 Safari/537.36"
::1 - - [Thu, 28 May 2015 15:10:28 GMT] "GET /javascripts/bootstrap.min.js HTTP/1.1" 304 - "http://localhost:3000/u/s1" "Mozilla/5.0 (Macintosh; Intel Mac OS X 10_10_1) AppleWebKit/537.36 (KHTML, like Gecko) Chrome/41.0.2272.89 Safari/537.36"
::1 - - [Thu, 28 May 2015 15:10:29 GMT] "GET /fonts/glyphicons-halflings-regular.woff2 HTTP/1.1" 304 - "http://localhost:3000/u/s1" "Mozilla/5.0 (Macintosh; Intel Mac OS X 10_10_1) AppleWebKit/537.36 (KHTML, like Gecko) Chrome/41.0.2272.89 Safari/537.36"
::1 - - [Thu, 28 May 2015 15:10:29 GMT] "GET /u/s1 HTTP/1.1" 304 - "http://localhost:3000/u/s1" "Mozilla/5.0 (Macintosh; Intel Mac OS X 10_10_1) AppleWebKit/537.36 (KHTML, like Gecko) Chrome/41.0.2272.89 Safari/537.36"
::1 - - [Thu, 28 May 2015 15:10:29 GMT] "GET /stylesheets/bootstrap.min.css HTTP/1.1" 304 - "http://localhost:3000/u/s1" "Mozilla/5.0 (Macintosh; Intel Mac OS X 10_10_1) AppleWebKit/537.36 (KHTML, like Gecko) Chrome/41.0.2272.89 Safari/537.36"
::1 - - [Thu, 28 May 2015 15:10:29 GMT] "GET /stylesheets/style.css HTTP/1.1" 304 - "http://localhost:3000/u/s1" "Mozilla/5.0 (Macintosh; Intel Mac OS X 10_10_1) AppleWebKit/537.36 (KHTML, like Gecko) Chrome/41.0.2272.89 Safari/537.36"
::1 - - [Thu, 28 May 2015 15:10:29 GMT] "GET /javascripts/jquery-2.1.4.min.js HTTP/1.1" 304 - "http://localhost:3000/u/s1" "Mozilla/5.0 (Macintosh; Intel Mac OS X 10_10_1) AppleWebKit/537.36 (KHTML, like Gecko) Chrome/41.0.2272.89 Safari/537.36"
::1 - - [Thu, 28 May 2015 15:10:29 GMT] "GET /javascripts/bootstrap.min.js HTTP/1.1" 304 - "http://localhost:3000/u/s1" "Mozilla/5.0 (Macintosh; Intel Mac OS X 10_10_1) AppleWebKit/537.36 (KHTML, like Gecko) Chrome/41.0.2272.89 Safari/537.36"
::1 - - [Thu, 28 May 2015 15:10:29 GMT] "GET /fonts/glyphicons-halflings-regular.woff2 HTTP/1.1" 304 - "http://localhost:3000/u/s1" "Mozilla/5.0 (Macintosh; Intel Mac OS X 10_10_1) AppleWebKit/537.36 (KHTML, like Gecko) Chrome/41.0.2272.89 Safari/537.36"
::1 - - [Thu, 28 May 2015 15:10:30 GMT] "GET /u/s1 HTTP/1.1" 304 - "http://localhost:3000/u/s1" "Mozilla/5.0 (Macintosh; Intel Mac OS X 10_10_1) AppleWebKit/537.36 (KHTML, like Gecko) Chrome/41.0.2272.89 Safari/537.36"
::1 - - [Thu, 28 May 2015 15:10:30 GMT] "GET /stylesheets/bootstrap.min.css HTTP/1.1" 304 - "http://localhost:3000/u/s1" "Mozilla/5.0 (Macintosh; Intel Mac OS X 10_10_1) AppleWebKit/537.36 (KHTML, like Gecko) Chrome/41.0.2272.89 Safari/537.36"
::1 - - [Thu, 28 May 2015 15:10:30 GMT] "GET /stylesheets/style.css HTTP/1.1" 304 - "http://localhost:3000/u/s1" "Mozilla/5.0 (Macintosh; Intel Mac OS X 10_10_1) AppleWebKit/537.36 (KHTML, like Gecko) Chrome/41.0.2272.89 Safari/537.36"
::1 - - [Thu, 28 May 2015 15:10:30 GMT] "GET /javascripts/jquery-2.1.4.min.js HTTP/1.1" 304 - "http://localhost:3000/u/s1" "Mozilla/5.0 (Macintosh; Intel Mac OS X 10_10_1) AppleWebKit/537.36 (KHTML, like Gecko) Chrome/41.0.2272.89 Safari/537.36"
::1 - - [Thu, 28 May 2015 15:10:30 GMT] "GET /javascripts/bootstrap.min.js HTTP/1.1" 304 - "http://localhost:3000/u/s1" "Mozilla/5.0 (Macintosh; Intel Mac OS X 10_10_1) AppleWebKit/537.36 (KHTML, like Gecko) Chrome/41.0.2272.89 Safari/537.36"
::1 - - [Thu, 28 May 2015 15:10:30 GMT] "GET /fonts/glyphicons-halflings-regular.woff2 HTTP/1.1" 304 - "http://localhost:3000/u/s1" "Mozilla/5.0 (Macintosh; Intel Mac OS X 10_10_1) AppleWebKit/537.36 (KHTML, like Gecko) Chrome/41.0.2272.89 Safari/537.36"
::1 - - [Thu, 28 May 2015 15:10:31 GMT] "GET / HTTP/1.1" 304 - "http://localhost:3000/u/s1" "Mozilla/5.0 (Macintosh; Intel Mac OS X 10_10_1) AppleWebKit/537.36 (KHTML, like Gecko) Chrome/41.0.2272.89 Safari/537.36"
::1 - - [Thu, 28 May 2015 15:10:31 GMT] "GET /stylesheets/bootstrap.min.css HTTP/1.1" 304 - "http://localhost:3000/" "Mozilla/5.0 (Macintosh; Intel Mac OS X 10_10_1) AppleWebKit/537.36 (KHTML, like Gecko) Chrome/41.0.2272.89 Safari/537.36"
::1 - - [Thu, 28 May 2015 15:10:31 GMT] "GET /stylesheets/style.css HTTP/1.1" 304 - "http://localhost:3000/" "Mozilla/5.0 (Macintosh; Intel Mac OS X 10_10_1) AppleWebKit/537.36 (KHTML, like Gecko) Chrome/41.0.2272.89 Safari/537.36"
::1 - - [Thu, 28 May 2015 15:10:31 GMT] "GET /javascripts/jquery-2.1.4.min.js HTTP/1.1" 304 - "http://localhost:3000/" "Mozilla/5.0 (Macintosh; Intel Mac OS X 10_10_1) AppleWebKit/537.36 (KHTML, like Gecko) Chrome/41.0.2272.89 Safari/537.36"
::1 - - [Thu, 28 May 2015 15:10:31 GMT] "GET /javascripts/bootstrap.min.js HTTP/1.1" 304 - "http://localhost:3000/" "Mozilla/5.0 (Macintosh; Intel Mac OS X 10_10_1) AppleWebKit/537.36 (KHTML, like Gecko) Chrome/41.0.2272.89 Safari/537.36"
::1 - - [Thu, 28 May 2015 15:10:31 GMT] "GET /fonts/glyphicons-halflings-regular.woff2 HTTP/1.1" 304 - "http://localhost:3000/" "Mozilla/5.0 (Macintosh; Intel Mac OS X 10_10_1) AppleWebKit/537.36 (KHTML, like Gecko) Chrome/41.0.2272.89 Safari/537.36"
